<?xml version="1.0" encoding="UTF-8"?>
<testsuite name="org.yw.springbootelasticsearch.SpringBootElasticsearchApplicationTests" tests="1" skipped="0" failures="0" errors="0" timestamp="2019-05-19T20:17:34" hostname="YandeMBP" time="0.201">
  <properties/>
  <testcase name="contextLoads" classname="org.yw.springbootelasticsearch.SpringBootElasticsearchApplicationTests" time="0.201"/>
  <system-out><![CDATA[22:17:30.369 [Test worker] DEBUG org.springframework.test.context.junit4.SpringJUnit4ClassRunner - SpringJUnit4ClassRunner constructor called with [class org.yw.springbootelasticsearch.SpringBootElasticsearchApplicationTests]
22:17:30.377 [Test worker] DEBUG org.springframework.test.context.BootstrapUtils - Instantiating CacheAwareContextLoaderDelegate from class [org.springframework.test.context.cache.DefaultCacheAwareContextLoaderDelegate]
22:17:30.386 [Test worker] DEBUG org.springframework.test.context.BootstrapUtils - Instantiating BootstrapContext using constructor [public org.springframework.test.context.support.DefaultBootstrapContext(java.lang.Class,org.springframework.test.context.CacheAwareContextLoaderDelegate)]
22:17:30.407 [Test worker] DEBUG org.springframework.test.context.BootstrapUtils - Instantiating TestContextBootstrapper for test class [org.yw.springbootelasticsearch.SpringBootElasticsearchApplicationTests] from class [org.springframework.boot.test.context.SpringBootTestContextBootstrapper]
22:17:30.420 [Test worker] INFO org.springframework.boot.test.context.SpringBootTestContextBootstrapper - Neither @ContextConfiguration nor @ContextHierarchy found for test class [org.yw.springbootelasticsearch.SpringBootElasticsearchApplicationTests], using SpringBootContextLoader
22:17:30.424 [Test worker] DEBUG org.springframework.test.context.support.AbstractContextLoader - Did not detect default resource location for test class [org.yw.springbootelasticsearch.SpringBootElasticsearchApplicationTests]: class path resource [org/yw/springbootelasticsearch/SpringBootElasticsearchApplicationTests-context.xml] does not exist
22:17:30.424 [Test worker] DEBUG org.springframework.test.context.support.AbstractContextLoader - Did not detect default resource location for test class [org.yw.springbootelasticsearch.SpringBootElasticsearchApplicationTests]: class path resource [org/yw/springbootelasticsearch/SpringBootElasticsearchApplicationTestsContext.groovy] does not exist
22:17:30.424 [Test worker] INFO org.springframework.test.context.support.AbstractContextLoader - Could not detect default resource locations for test class [org.yw.springbootelasticsearch.SpringBootElasticsearchApplicationTests]: no resource found for suffixes {-context.xml, Context.groovy}.
22:17:30.425 [Test worker] INFO org.springframework.test.context.support.AnnotationConfigContextLoaderUtils - Could not detect default configuration classes for test class [org.yw.springbootelasticsearch.SpringBootElasticsearchApplicationTests]: SpringBootElasticsearchApplicationTests does not declare any static, non-private, non-final, nested classes annotated with @Configuration.
22:17:30.469 [Test worker] DEBUG org.springframework.test.context.support.ActiveProfilesUtils - Could not find an 'annotation declaring class' for annotation type [org.springframework.test.context.ActiveProfiles] and class [org.yw.springbootelasticsearch.SpringBootElasticsearchApplicationTests]
22:17:30.577 [Test worker] DEBUG org.springframework.context.annotation.ClassPathScanningCandidateComponentProvider - Identified candidate component class: file [/Users/yanwang/project/springbootexamples/spring-boot-elasticsearch/build/classes/java/main/org/yw/springbootelasticsearch/SpringBootElasticsearchApplication.class]
22:17:30.578 [Test worker] INFO org.springframework.boot.test.context.SpringBootTestContextBootstrapper - Found @SpringBootConfiguration org.yw.springbootelasticsearch.SpringBootElasticsearchApplication for test class org.yw.springbootelasticsearch.SpringBootElasticsearchApplicationTests
22:17:30.707 [Test worker] DEBUG org.springframework.boot.test.context.SpringBootTestContextBootstrapper - @TestExecutionListeners is not present for class [org.yw.springbootelasticsearch.SpringBootElasticsearchApplicationTests]: using defaults.
22:17:30.708 [Test worker] INFO org.springframework.boot.test.context.SpringBootTestContextBootstrapper - Loaded default TestExecutionListener class names from location [META-INF/spring.factories]: [org.springframework.boot.test.autoconfigure.restdocs.RestDocsTestExecutionListener, org.springframework.boot.test.autoconfigure.web.client.MockRestServiceServerResetTestExecutionListener, org.springframework.boot.test.autoconfigure.web.servlet.MockMvcPrintOnlyOnFailureTestExecutionListener, org.springframework.boot.test.autoconfigure.web.servlet.WebDriverTestExecutionListener, org.springframework.boot.test.mock.mockito.MockitoTestExecutionListener, org.springframework.boot.test.mock.mockito.ResetMocksTestExecutionListener, org.springframework.test.context.web.ServletTestExecutionListener, org.springframework.test.context.support.DirtiesContextBeforeModesTestExecutionListener, org.springframework.test.context.support.DependencyInjectionTestExecutionListener, org.springframework.test.context.support.DirtiesContextTestExecutionListener, org.springframework.test.context.transaction.TransactionalTestExecutionListener, org.springframework.test.context.jdbc.SqlScriptsTestExecutionListener]
22:17:30.723 [Test worker] INFO org.springframework.boot.test.context.SpringBootTestContextBootstrapper - Using TestExecutionListeners: [org.springframework.test.context.web.ServletTestExecutionListener@69f59551, org.springframework.test.context.support.DirtiesContextBeforeModesTestExecutionListener@154168a1, org.springframework.boot.test.mock.mockito.MockitoTestExecutionListener@7639d797, org.springframework.boot.test.autoconfigure.SpringBootDependencyInjectionTestExecutionListener@544b8e70, org.springframework.test.context.support.DirtiesContextTestExecutionListener@11d1d6b5, org.springframework.test.context.transaction.TransactionalTestExecutionListener@fcbb04e, org.springframework.test.context.jdbc.SqlScriptsTestExecutionListener@37f65b4f, org.springframework.boot.test.autoconfigure.restdocs.RestDocsTestExecutionListener@3f467bcf, org.springframework.boot.test.autoconfigure.web.client.MockRestServiceServerResetTestExecutionListener@20bd66ec, org.springframework.boot.test.autoconfigure.web.servlet.MockMvcPrintOnlyOnFailureTestExecutionListener@72a6fb75, org.springframework.boot.test.autoconfigure.web.servlet.WebDriverTestExecutionListener@778fea4d, org.springframework.boot.test.mock.mockito.ResetMocksTestExecutionListener@7b1b6f70]
22:17:30.726 [Test worker] DEBUG org.springframework.test.annotation.ProfileValueUtils - Retrieved @ProfileValueSourceConfiguration [null] for test class [org.yw.springbootelasticsearch.SpringBootElasticsearchApplicationTests]
22:17:30.726 [Test worker] DEBUG org.springframework.test.annotation.ProfileValueUtils - Retrieved ProfileValueSource type [class org.springframework.test.annotation.SystemProfileValueSource] for class [org.yw.springbootelasticsearch.SpringBootElasticsearchApplicationTests]
22:17:30.727 [Test worker] DEBUG org.springframework.test.annotation.ProfileValueUtils - Retrieved @ProfileValueSourceConfiguration [null] for test class [org.yw.springbootelasticsearch.SpringBootElasticsearchApplicationTests]
22:17:30.727 [Test worker] DEBUG org.springframework.test.annotation.ProfileValueUtils - Retrieved ProfileValueSource type [class org.springframework.test.annotation.SystemProfileValueSource] for class [org.yw.springbootelasticsearch.SpringBootElasticsearchApplicationTests]
22:17:30.732 [Test worker] DEBUG org.springframework.test.context.support.AbstractDirtiesContextTestExecutionListener - Before test class: context [DefaultTestContext@173465dc testClass = SpringBootElasticsearchApplicationTests, testInstance = [null], testMethod = [null], testException = [null], mergedContextConfiguration = [WebMergedContextConfiguration@253bb04e testClass = SpringBootElasticsearchApplicationTests, locations = '{}', classes = '{class org.yw.springbootelasticsearch.SpringBootElasticsearchApplication}', contextInitializerClasses = '[]', activeProfiles = '{}', propertySourceLocations = '{}', propertySourceProperties = '{org.springframework.boot.test.context.SpringBootTestContextBootstrapper=true}', contextCustomizers = set[org.springframework.boot.test.autoconfigure.properties.PropertyMappingContextCustomizer@0, org.springframework.boot.test.autoconfigure.web.servlet.WebDriverContextCustomizerFactory$Customizer@463f81c2, org.springframework.boot.test.context.filter.ExcludeFilterContextCustomizer@775bf764, org.springframework.boot.test.json.DuplicateJsonObjectContextCustomizerFactory$DuplicateJsonObjectContextCustomizer@11cfe4f6, org.springframework.boot.test.mock.mockito.MockitoContextCustomizer@0, org.springframework.boot.test.web.client.TestRestTemplateContextCustomizer@498cde4f], resourceBasePath = 'src/main/webapp', contextLoader = 'org.springframework.boot.test.context.SpringBootContextLoader', parent = [null]], attributes = map['org.springframework.test.context.web.ServletTestExecutionListener.activateListener' -> true]], class annotated with @DirtiesContext [false] with mode [null].
22:17:30.732 [Test worker] DEBUG org.springframework.test.annotation.ProfileValueUtils - Retrieved @ProfileValueSourceConfiguration [null] for test class [org.yw.springbootelasticsearch.SpringBootElasticsearchApplicationTests]
22:17:30.732 [Test worker] DEBUG org.springframework.test.annotation.ProfileValueUtils - Retrieved ProfileValueSource type [class org.springframework.test.annotation.SystemProfileValueSource] for class [org.yw.springbootelasticsearch.SpringBootElasticsearchApplicationTests]
22:17:30.750 [Test worker] DEBUG org.springframework.test.context.support.TestPropertySourceUtils - Adding inlined properties to environment: {spring.jmx.enabled=false, org.springframework.boot.test.context.SpringBootTestContextBootstrapper=true, server.port=-1}

  .   ____          _            __ _ _
 /\\ / ___'_ __ _ _(_)_ __  __ _ \ \ \ \
( ( )\___ | '_ | '_| | '_ \/ _` | \ \ \ \
 \\/  ___)| |_)| | | | | || (_| |  ) ) ) )
  '  |____| .__|_| |_|_| |_\__, | / / / /
 =========|_|==============|___/=/_/_/_/
 :: Spring Boot ::        (v2.1.5.RELEASE)

2019-05-19 22:17:30.981  INFO 20650 --- [    Test worker] .SpringBootElasticsearchApplicationTests : Starting SpringBootElasticsearchApplicationTests on YandeMBP with PID 20650 (started by yanwang in /Users/yanwang/project/springbootexamples/spring-boot-elasticsearch)
2019-05-19 22:17:30.983  INFO 20650 --- [    Test worker] .SpringBootElasticsearchApplicationTests : No active profile set, falling back to default profiles: default
2019-05-19 22:17:31.709  INFO 20650 --- [    Test worker] .s.d.r.c.RepositoryConfigurationDelegate : Bootstrapping Spring Data repositories in DEFAULT mode.
2019-05-19 22:17:31.737  INFO 20650 --- [    Test worker] .s.d.r.c.RepositoryConfigurationDelegate : Finished Spring Data repository scanning in 21ms. Found 0 repository interfaces.
host:localhostport:9300
2019-05-19 22:17:32.372  INFO 20650 --- [    Test worker] o.elasticsearch.plugins.PluginsService   : no modules loaded
2019-05-19 22:17:32.374  INFO 20650 --- [    Test worker] o.elasticsearch.plugins.PluginsService   : loaded plugin [org.elasticsearch.index.reindex.ReindexPlugin]
2019-05-19 22:17:32.374  INFO 20650 --- [    Test worker] o.elasticsearch.plugins.PluginsService   : loaded plugin [org.elasticsearch.join.ParentJoinPlugin]
2019-05-19 22:17:32.374  INFO 20650 --- [    Test worker] o.elasticsearch.plugins.PluginsService   : loaded plugin [org.elasticsearch.percolator.PercolatorPlugin]
2019-05-19 22:17:32.375  INFO 20650 --- [    Test worker] o.elasticsearch.plugins.PluginsService   : loaded plugin [org.elasticsearch.script.mustache.MustachePlugin]
2019-05-19 22:17:32.375  INFO 20650 --- [    Test worker] o.elasticsearch.plugins.PluginsService   : loaded plugin [org.elasticsearch.transport.Netty4Plugin]
2019-05-19 22:17:34.266  INFO 20650 --- [    Test worker] o.s.s.concurrent.ThreadPoolTaskExecutor  : Initializing ExecutorService 'applicationTaskExecutor'
2019-05-19 22:17:34.905  INFO 20650 --- [    Test worker] .SpringBootElasticsearchApplicationTests : Started SpringBootElasticsearchApplicationTests in 4.145 seconds (JVM running for 5.207)
]]></system-out>
  <system-err><![CDATA[]]></system-err>
</testsuite>
